# JRE version: OpenJDK Runtime Environment (14.0.2+12) (build 14.0.2+12-46)
# Java VM: OpenJDK 64-Bit Server VM (14.0.2+12-46, mixed mode, sharing, tiered, compressed oops, g1 gc, linux-amd64)
Heap:
 garbage-first heap   total 264192K, used 33798K [0x00000000e0000000, 0x0000000100000000)
  region size 1024K, 24 young (24576K), 7 survivors (7168K)
 Metaspace       used 13946K, capacity 14517K, committed 14720K, reserved 268288K
  class space    used 1941K, capacity 2131K, committed 2176K, reserved 253952K
GC Heap History (8 events):
Event: 0,826 GC heap before
{Heap before GC invocations=0 (full 0):
 garbage-first heap   total 264192K, used 18244K [0x00000000e0000000, 0x0000000100000000)
  region size 1024K, 12 young (12288K), 0 survivors (0K)
 Metaspace       used 1514K, capacity 5063K, committed 5248K, reserved 262144K
  class space    used 155K, capacity 516K, committed 640K, reserved 253952K
}
Event: 0,836 GC heap after
{Heap after GC invocations=1 (full 0):
 garbage-first heap   total 264192K, used 8060K [0x00000000e0000000, 0x0000000100000000)
  region size 1024K, 2 young (2048K), 2 survivors (2048K)
 Metaspace       used 1514K, capacity 5063K, committed 5248K, reserved 262144K
  class space    used 155K, capacity 516K, committed 640K, reserved 253952K
}
Event: 1,748 GC heap before
{Heap before GC invocations=1 (full 0):
 garbage-first heap   total 264192K, used 18300K [0x00000000e0000000, 0x0000000100000000)
  region size 1024K, 12 young (12288K), 2 survivors (2048K)
 Metaspace       used 3679K, capacity 6573K, committed 6784K, reserved 262144K
  class space    used 478K, capacity 765K, committed 896K, reserved 253952K
}
Event: 1,754 GC heap after
{Heap after GC invocations=2 (full 0):
 garbage-first heap   total 264192K, used 9015K [0x00000000e0000000, 0x0000000100000000)
  region size 1024K, 1 young (1024K), 1 survivors (1024K)
 Metaspace       used 3679K, capacity 6573K, committed 6784K, reserved 262144K
  class space    used 478K, capacity 765K, committed 896K, reserved 253952K
}
Event: 2,006 GC heap before
{Heap before GC invocations=2 (full 0):
 garbage-first heap   total 264192K, used 23351K [0x00000000e0000000, 0x0000000100000000)
  region size 1024K, 16 young (16384K), 1 survivors (1024K)
 Metaspace       used 4126K, capacity 6760K, committed 7040K, reserved 262144K
  class space    used 520K, capacity 805K, committed 896K, reserved 253952K
}
Event: 2,013 GC heap after
{Heap after GC invocations=3 (full 0):
 garbage-first heap   total 264192K, used 10647K [0x00000000e0000000, 0x0000000100000000)
  region size 1024K, 2 young (2048K), 2 survivors (2048K)
 Metaspace       used 4126K, capacity 6760K, committed 7040K, reserved 262144K
  class space    used 520K, capacity 805K, committed 896K, reserved 253952K
}
Event: 4,131 GC heap before
{Heap before GC invocations=3 (full 0):
 garbage-first heap   total 264192K, used 62871K [0x00000000e0000000, 0x0000000100000000)
  region size 1024K, 54 young (55296K), 2 survivors (2048K)
 Metaspace       used 11568K, capacity 11999K, committed 12288K, reserved 266240K
  class space    used 1642K, capacity 1755K, committed 1792K, reserved 253952K
}
Event: 4,148 GC heap after
{Heap after GC invocations=4 (full 0):
 garbage-first heap   total 264192K, used 16390K [0x00000000e0000000, 0x0000000100000000)
  region size 1024K, 7 young (7168K), 7 survivors (7168K)
 Metaspace       used 11568K, capacity 11999K, committed 12288K, reserved 266240K
  class space    used 1642K, capacity 1755K, committed 1792K, reserved 253952K
}

